Arguments: 
  C:\Program Files\nodejs\node.exe C:\Users\mkoen\AppData\Roaming\npm\node_modules\yarn\bin\yarn.js test

PATH: 
  C:\Python38\Scripts\;C:\Python38\;C:\Windows\system32;C:\Windows;C:\Windows\System32\Wbem;C:\Windows\System32\WindowsPowerShell\v1.0\;C:\Windows\System32\OpenSSH\;C:\Program Files (x86)\NVIDIA Corporation\PhysX\Common;C:\Program Files\NVIDIA Corporation\NVIDIA NvDLISR;C:\Program Files\nodejs\;C:\ProgramData\chocolatey\bin;C:\Program Files\Git\cmd;C:\WINDOWS\system32;C:\WINDOWS;C:\WINDOWS\System32\Wbem;C:\WINDOWS\System32\WindowsPowerShell\v1.0\;C:\WINDOWS\System32\OpenSSH\;C:\Users\mkoen\AppData\Local\Microsoft\WindowsApps;C:\Users\mkoen\AppData\Local\Programs\Microsoft VS Code\bin;C:\Users\mkoen\AppData\Roaming\npm;C:\Users\mkoen\AppData\Local\GitHubDesktop\bin;

Yarn version: 
  1.22.10

Node version: 
  12.18.4

Platform: 
  win32 x64

Trace: 
  SyntaxError: C:\Users\mkoen\OneDrive\Desktop\CircleCIProj1\demo-repo\package.json: Unexpected token , in JSON at position 52
      at JSON.parse (<anonymous>)
      at C:\Users\mkoen\AppData\Roaming\npm\node_modules\yarn\lib\cli.js:1625:59
      at Generator.next (<anonymous>)
      at step (C:\Users\mkoen\AppData\Roaming\npm\node_modules\yarn\lib\cli.js:310:30)
      at C:\Users\mkoen\AppData\Roaming\npm\node_modules\yarn\lib\cli.js:321:13

npm manifest: 
  {
    "devDependencies": {
      "jest": "^26.6.3"
    }
  },
  {
    "scripts": {
      "test": "jest"
    }
  }

yarn manifest: 
  No manifest

Lockfile: 
  No lockfile
